[info] Activation of plug-in Load From OIM successful, version 1.2. - loadFromOIM 
[info] Activation of plug-in Save Loadable OIM successful, version 1.2. - saveLoadableOIM 
[info] loaded in 1.74 secs at 2021-03-01T08:27:51 - /Users/pontsoleil/xBRL-Alpha/xBRL-CSV/xbrl-gl_ubl_example1-metadata.json 
[] Formula xpath2 grammar initialized in 2.31 secs - 
[info] validated in 3.43 secs - /Users/pontsoleil/xBRL-Alpha/xBRL-CSV/xbrl-gl_ubl_example1-metadata.json 
[info] Activation of plug-in Load From OIM successful, version 1.2. - loadFromOIM 
[info] Activation of plug-in Save Loadable OIM successful, version 1.2. - saveLoadableOIM 
[info] loaded in 1.85 secs at 2021-03-01T08:28:15 - /Users/pontsoleil/xBRL-Alpha/xBRL-CSV/xbrl-gl_ubl_example1-metadata.json 
[] Formula xpath2 grammar initialized in 2.28 secs - 
[info] validated in 3.32 secs - /Users/pontsoleil/xBRL-Alpha/xBRL-CSV/xbrl-gl_ubl_example1-metadata.json 
[info] Activation of plug-in Load From OIM successful, version 1.2. - loadFromOIM 
[info] Activation of plug-in Save Loadable OIM successful, version 1.2. - saveLoadableOIM 
[info] loaded in 1.47 secs at 2021-03-01T09:14:09 - /Users/pontsoleil/xBRL-Alpha/xBRL-CSV/xbrl-gl_ubl_example1-metadata.json 
[] Formula xpath2 grammar initialized in 3.18 secs - 
[info] validated in 4.53 secs - /Users/pontsoleil/xBRL-Alpha/xBRL-CSV/xbrl-gl_ubl_example1-metadata.json 
[info] Activation of plug-in Load From OIM successful, version 1.2. - loadFromOIM 
[info] Activation of plug-in Save Loadable OIM successful, version 1.2. - saveLoadableOIM 
[info] loaded in 1.99 secs at 2021-03-01T09:15:51 - /Users/pontsoleil/xBRL-Alpha/xBRL-CSV/xbrl-gl_ubl_example1-metadata.json 
[] Formula xpath2 grammar initialized in 2.79 secs - 
[info] validated in 4.14 secs - /Users/pontsoleil/xBRL-Alpha/xBRL-CSV/xbrl-gl_ubl_example1-metadata.json 
