# --------------------------------------------------------------------
# ITCA_Path level ITCA_Card EN_ID EN_Level EN_Card EN_BT EN_Desc EN_DT 
# 1         2     3         4     5        6       7     8       9     
# seq itca_num name CCL_ID EDI Invoice Matching
# 10  11       12   13     14  15      16
cat itca/itca2en.tsv | awk -F'\t' 'BEGIN { n=0; }
{
  if (n>0) {
    print "$.data[" n "].num",n;
    print "$.data[" n "].ITCA_Path",$1;
    print "$.data[" n "].level",$2;
    print "$.data[" n "].ITCA_Card",$3;
    print "$.data[" n "].EN_ID",$4;
    print "$.data[" n "].EN_Level",$5;
    print "$.data[" n "].EN_Card",$6;
    print "$.data[" n "].EN_BT",$7;
    print "$.data[" n "].EN_Desc",$8;
    print "$.data[" n "].EN_DT",$9;
    print "$.data[" n "].seq",$10;
    print "$.data[" n "].itca_num",$11;
    print "$.data[" n "].name",$12;
    print "$.data[" n "].CCL_ID",$13;
    print "$.data[" n "].EDI",$14;
    print "$.data[" n "].Invoice",$15;
    print "$.data[" n "].Matching",$16;
  }
  n=n+1;
}' | makrj.sh | sed "s/^\(\"[^\":,]*\":\),/\1null,/" > itca/itca2en.json
+ cat itca/itca2en.tsv
+ awk '-F\t' 'BEGIN { n=0; }
{
  if (n>0) {
    print "$.data[" n "].num",n;
    print "$.data[" n "].ITCA_Path",$1;
    print "$.data[" n "].level",$2;
    print "$.data[" n "].ITCA_Card",$3;
    print "$.data[" n "].EN_ID",$4;
    print "$.data[" n "].EN_Level",$5;
    print "$.data[" n "].EN_Card",$6;
    print "$.data[" n "].EN_BT",$7;
    print "$.data[" n "].EN_Desc",$8;
    print "$.data[" n "].EN_DT",$9;
    print "$.data[" n "].seq",$10;
    print "$.data[" n "].itca_num",$11;
    print "$.data[" n "].name",$12;
    print "$.data[" n "].CCL_ID",$13;
    print "$.data[" n "].EDI",$14;
    print "$.data[" n "].Invoice",$15;
    print "$.data[" n "].Matching",$16;
  }
  n=n+1;
}'
+ makrj.sh
+ sed 's/^\("[^":,]*":\),/\1null,/'
# --------------------------------------------------------------------
rm $Tmp-*
+ rm '/tmp/itca2en.sh.4041-*'
rm: /tmp/itca2en.sh.4041-*: No such file or directory
